2025-11-01 18:26:28 - root - INFO - Listagem de autores concluída com sucesso (0 registros).
2025-11-01 18:26:32 - root - INFO - Autor 'Totoca' cadastrado com sucesso (ID 1).
2025-11-01 18:26:32 - root - INFO - Listagem de autores concluída com sucesso (1 registros).
2025-11-01 18:26:42 - root - INFO - Autor (ID 1) atualizado para 'Sergio'.
2025-11-01 18:26:42 - root - INFO - Listagem de autores concluída com sucesso (1 registros).
2025-11-01 18:26:52 - root - INFO - Autor 'Sergio' (ID 1) excluído com sucesso.
2025-11-01 18:26:52 - root - INFO - Listagem de autores concluída com sucesso (0 registros).
2025-11-01 18:27:02 - root - INFO - Listagem de autores concluída com sucesso (0 registros).
2025-11-01 18:36:34 - root - INFO - Listagem de autores concluída com sucesso (0 registros).
2025-11-01 18:36:39 - root - INFO - Autor 'Sergio' cadastrado com sucesso (ID 1).
2025-11-01 18:36:39 - root - INFO - Listagem de autores concluída com sucesso (1 registros).
2025-11-01 18:36:50 - root - INFO - Autor (ID 1) atualizado para 'Sergio Fontes'.
2025-11-01 18:36:50 - root - INFO - Listagem de autores concluída com sucesso (1 registros).
2025-11-01 18:40:49 - root - INFO - Listagem de autores concluída com sucesso (1 registros).
2025-11-01 18:41:05 - root - INFO - Listagem de autores concluída com sucesso (1 registros).
2025-11-01 18:42:37 - root - INFO - Listagem de autores concluída com sucesso (1 registros).
2025-11-01 18:42:44 - root - INFO - Autor 'Totoca' cadastrado com sucesso (ID 2).
2025-11-01 18:42:44 - root - INFO - Listagem de autores concluída com sucesso (2 registros).
2025-11-01 18:42:52 - root - INFO - Autor 'Totoca' (ID 2) excluído com sucesso.
2025-11-01 18:42:52 - root - INFO - Listagem de autores concluída com sucesso (1 registros).
2025-11-01 18:43:02 - root - INFO - Listagem de autores concluída com sucesso (1 registros).
2025-11-01 18:43:15 - root - INFO - Autor 'Nathalia Abrantes' cadastrado com sucesso (ID 3).
2025-11-01 18:43:15 - root - INFO - Listagem de autores concluída com sucesso (2 registros).
2025-11-01 18:43:24 - root - INFO - Autor (ID 3) atualizado para 'Nathalia Totoca'.
2025-11-01 18:43:24 - root - INFO - Listagem de autores concluída com sucesso (2 registros).
2025-11-01 18:43:31 - root - INFO - Autor 'Nathalia Totoca' (ID 3) excluído com sucesso.
2025-11-01 18:43:31 - root - INFO - Listagem de autores concluída com sucesso (1 registros).
2025-11-01 18:43:42 - root - INFO - Listagem de autores concluída com sucesso (1 registros).
2025-11-01 18:50:48 - root - INFO - Listagem de autores concluída com sucesso (1 registros).
2025-11-01 18:51:34 - root - INFO - Listagem de autores concluída com sucesso (1 registros).
2025-11-01 18:52:39 - root - INFO - Listagem de autores concluída com sucesso (1 registros).
2025-11-01 18:56:28 - root - INFO - Listagem de autores concluída com sucesso (1 registros).
2025-11-01 19:03:44 - root - INFO - Listagem de livros concluída com sucesso (0 registros).
2025-11-01 19:16:31 - root - INFO - Listagem de autores concluída com sucesso (1 registros).
2025-11-01 19:16:39 - root - INFO - Listagem de autores concluída com sucesso (1 registros).
2025-11-01 19:16:44 - root - INFO - Autor 'teste' cadastrado com sucesso (ID 4).
2025-11-01 19:16:44 - root - INFO - Listagem de autores concluída com sucesso (2 registros).
2025-11-01 19:16:51 - root - INFO - Autor (ID 4) atualizado para 'Sergio'.
2025-11-01 19:16:51 - root - INFO - Listagem de autores concluída com sucesso (2 registros).
2025-11-01 19:16:56 - root - INFO - Autor 'Sergio' (ID 4) excluído com sucesso.
2025-11-01 19:16:56 - root - INFO - Listagem de autores concluída com sucesso (1 registros).
2025-11-01 19:18:59 - root - INFO - Listagem de autores concluída com sucesso (1 registros).
2025-11-01 19:19:50 - root - INFO - Listagem de autores concluída com sucesso (1 registros).
2025-11-01 19:19:56 - root - INFO - Listagem de autores concluída com sucesso (1 registros).
2025-11-01 19:19:59 - root - INFO - Autor '1' cadastrado com sucesso (ID 5).
2025-11-01 19:19:59 - root - INFO - Listagem de autores concluída com sucesso (2 registros).
2025-11-01 19:20:01 - root - INFO - Autor '2' cadastrado com sucesso (ID 6).
2025-11-01 19:20:01 - root - INFO - Listagem de autores concluída com sucesso (3 registros).
2025-11-01 19:20:02 - root - INFO - Autor '3' cadastrado com sucesso (ID 7).
2025-11-01 19:20:02 - root - INFO - Listagem de autores concluída com sucesso (4 registros).
2025-11-01 19:20:04 - root - INFO - Listagem de autores concluída com sucesso (4 registros).
2025-11-01 19:22:22 - root - INFO - Listagem de autores concluída com sucesso (4 registros).
2025-11-01 19:24:00 - root - INFO - Listagem de autores concluída com sucesso (4 registros).
2025-11-01 19:24:59 - root - INFO - Listagem de autores concluída com sucesso (4 registros).
2025-11-01 19:24:59 - root - INFO - Listagem de autores concluída com sucesso (4 registros).
2025-11-01 19:31:33 - root - INFO - Listagem de livros concluída com sucesso (0 registros).
2025-11-01 19:31:49 - root - INFO - Listagem de livros concluída com sucesso (0 registros).
2025-11-01 19:34:38 - root - INFO - Listagem de livros concluída com sucesso (0 registros).
2025-11-01 19:34:52 - root - INFO - Listagem de autores concluída com sucesso (4 registros).
2025-11-01 19:34:52 - root - INFO - Listagem de autores concluída com sucesso (4 registros).
2025-11-01 19:34:55 - root - INFO - Livro '123' (123) cadastrado com sucesso.
2025-11-01 19:34:55 - root - INFO - Listagem de livros concluída com sucesso (1 registros).
2025-11-01 19:37:13 - root - INFO - Listagem de livros concluída com sucesso (1 registros).
2025-11-01 19:37:38 - root - INFO - Listagem de autores concluída com sucesso (4 registros).
2025-11-01 19:37:38 - root - INFO - Listagem de autores concluída com sucesso (4 registros).
2025-11-01 19:37:41 - root - INFO - Livro 'totoca' (1234) cadastrado com sucesso.
2025-11-01 19:37:41 - root - INFO - Listagem de livros concluída com sucesso (2 registros).
2025-11-01 19:37:56 - root - INFO - Livro 'totoca' (ISBN 1234) excluído com sucesso.
2025-11-01 19:37:56 - root - INFO - Listagem de livros concluída com sucesso (1 registros).
2025-11-01 19:39:58 - root - INFO - Listagem de autores concluída com sucesso (4 registros).
2025-11-01 19:40:01 - root - INFO - Listagem de livros concluída com sucesso (1 registros).
2025-11-01 19:42:46 - root - INFO - Listagem de livros concluída com sucesso (1 registros).
2025-11-01 19:47:19 - root - INFO - Listagem de livros concluída com sucesso (1 registros).
2025-11-01 19:47:23 - root - INFO - Listagem de autores concluída com sucesso (4 registros).
2025-11-01 19:47:38 - root - INFO - Listagem de livros concluída com sucesso (1 registros).
2025-11-01 19:47:42 - root - INFO - Listagem de autores concluída com sucesso (4 registros).
2025-11-01 19:47:58 - root - INFO - Listagem de livros concluída com sucesso (1 registros).
2025-11-01 19:48:15 - root - INFO - Livro '123' (ISBN 123) excluído com sucesso.
2025-11-01 19:48:15 - root - INFO - Listagem de livros concluída com sucesso (0 registros).
2025-11-01 19:48:17 - root - INFO - Listagem de livros concluída com sucesso (0 registros).
2025-11-01 19:49:21 - root - INFO - Listagem de autores concluída com sucesso (4 registros).
2025-11-01 19:49:35 - root - INFO - Listagem de livros concluída com sucesso (0 registros).
2025-11-01 19:49:42 - root - INFO - Listagem de autores concluída com sucesso (4 registros).
2025-11-01 19:57:43 - root - INFO - Listagem de livros concluída com sucesso (0 registros).
2025-11-01 19:57:52 - root - INFO - Listagem de autores concluída com sucesso (4 registros).
2025-11-01 19:59:56 - root - INFO - Listagem de livros concluída com sucesso (0 registros).
2025-11-01 20:00:02 - root - INFO - Listagem de autores concluída com sucesso (4 registros).
2025-11-01 20:00:33 - root - INFO - Listagem de livros concluída com sucesso (0 registros).
2025-11-01 20:00:41 - root - INFO - Listagem de autores concluída com sucesso (4 registros).
2025-11-01 20:03:34 - root - INFO - Listagem de livros concluída com sucesso (0 registros).
2025-11-01 20:03:41 - root - INFO - Listagem de autores concluída com sucesso (4 registros).
2025-11-01 20:03:47 - root - INFO - Livro '123' (123) cadastrado com sucesso.
2025-11-01 20:03:47 - root - INFO - Listagem de livros concluída com sucesso (1 registros).
2025-11-01 20:04:17 - root - INFO - Listagem de autores concluída com sucesso (4 registros).
2025-11-01 20:06:12 - root - INFO - Listagem de livros concluída com sucesso (1 registros).
2025-11-01 20:06:18 - root - INFO - Listagem de autores concluída com sucesso (4 registros).
2025-11-01 20:06:22 - root - INFO - Livro '234' (234) cadastrado com sucesso.
2025-11-01 20:06:22 - root - INFO - Listagem de livros concluída com sucesso (2 registros).
2025-11-01 20:06:28 - root - INFO - Listagem de autores concluída com sucesso (4 registros).
2025-11-01 20:06:33 - root - INFO - Livro '234' (ISBN 234) atualizado com sucesso.
2025-11-01 20:06:33 - root - INFO - Listagem de livros concluída com sucesso (2 registros).
2025-11-01 20:08:11 - root - INFO - Listagem de autores concluída com sucesso (4 registros).
2025-11-01 20:08:23 - root - INFO - Livro '234' (ISBN 234) atualizado com sucesso.
2025-11-01 20:08:23 - root - INFO - Listagem de livros concluída com sucesso (2 registros).
2025-11-01 20:09:41 - root - INFO - Listagem de autores concluída com sucesso (4 registros).
2025-11-01 20:10:33 - root - INFO - Listagem de livros concluída com sucesso (2 registros).
2025-11-01 20:10:36 - root - INFO - Listagem de autores concluída com sucesso (4 registros).
2025-11-01 20:10:43 - root - INFO - Listagem de autores concluída com sucesso (4 registros).
2025-11-01 20:13:58 - root - INFO - Listagem de livros concluída com sucesso (2 registros).
2025-11-01 20:14:01 - root - INFO - Listagem de autores concluída com sucesso (4 registros).
2025-11-01 20:15:32 - root - INFO - Listagem de livros concluída com sucesso (2 registros).
2025-11-01 20:15:35 - root - INFO - Listagem de autores concluída com sucesso (4 registros).
2025-11-01 20:17:18 - root - INFO - Listagem de livros concluída com sucesso (2 registros).
2025-11-01 20:17:21 - root - INFO - Listagem de autores concluída com sucesso (4 registros).
2025-11-01 20:17:35 - root - INFO - Livro '123' (ISBN 123) atualizado com sucesso.
2025-11-01 20:17:35 - root - INFO - Listagem de livros concluída com sucesso (2 registros).
2025-11-01 20:17:38 - root - INFO - Listagem de autores concluída com sucesso (4 registros).
2025-11-01 20:17:42 - root - INFO - Livro '123' (ISBN 123) atualizado com sucesso.
2025-11-01 20:17:42 - root - INFO - Listagem de livros concluída com sucesso (2 registros).
2025-11-01 20:17:48 - root - INFO - Listagem de autores concluída com sucesso (4 registros).
2025-11-01 20:17:51 - root - INFO - Livro '123' (ISBN 123) atualizado com sucesso.
2025-11-01 20:17:51 - root - INFO - Listagem de livros concluída com sucesso (2 registros).
2025-11-01 20:18:10 - root - INFO - Listagem de autores concluída com sucesso (4 registros).
2025-11-01 20:20:13 - root - INFO - Listagem de livros concluída com sucesso (2 registros).
2025-11-01 20:21:04 - root - INFO - Listagem de livros concluída com sucesso (2 registros).
2025-11-01 20:21:09 - root - INFO - Listagem de autores concluída com sucesso (4 registros).
2025-11-01 20:21:14 - root - INFO - Autor '3' (ID 7) excluído com sucesso.
2025-11-01 20:21:14 - root - INFO - Listagem de autores concluída com sucesso (3 registros).
2025-11-01 20:21:17 - root - INFO - Autor '2' (ID 6) excluído com sucesso.
2025-11-01 20:21:17 - root - INFO - Listagem de autores concluída com sucesso (2 registros).
2025-11-01 20:21:19 - root - INFO - Autor '1' (ID 5) excluído com sucesso.
2025-11-01 20:21:19 - root - INFO - Listagem de autores concluída com sucesso (1 registros).
2025-11-01 20:21:21 - root - INFO - Listagem de livros concluída com sucesso (2 registros).
2025-11-01 20:29:04 - root - INFO - Listagem de exemplares concluída com sucesso (0 registros).
2025-11-01 20:34:07 - root - INFO - Listagem de exemplares concluída com sucesso (0 registros).
2025-11-01 20:42:42 - root - INFO - Listagem de exemplares concluída com sucesso (0 registros).
2025-11-01 20:42:45 - root - INFO - Listagem de livros concluída com sucesso (2 registros).
2025-11-01 20:42:56 - root - INFO - Exemplar '001' do livro '123' cadastrado com sucesso.
2025-11-01 20:42:56 - root - INFO - Listagem de exemplares concluída com sucesso (1 registros).
2025-11-01 20:46:15 - root - INFO - Listagem de livros concluída com sucesso (2 registros).
2025-11-01 20:46:25 - root - INFO - Listagem de livros concluída com sucesso (2 registros).
2025-11-01 20:48:07 - root - INFO - Listagem de livros concluída com sucesso (2 registros).
2025-11-01 20:51:42 - root - INFO - Listagem de livros concluída com sucesso (2 registros).
2025-11-01 20:52:50 - root - INFO - Listagem de livros concluída com sucesso (2 registros).
2025-11-01 20:53:15 - root - INFO - Listagem de livros concluída com sucesso (2 registros).
2025-11-01 20:54:41 - root - INFO - Listagem de livros concluída com sucesso (2 registros).
2025-11-01 20:54:59 - root - INFO - Listagem de autores concluída com sucesso (1 registros).
2025-11-01 20:55:18 - root - INFO - Listagem de autores concluída com sucesso (1 registros).
2025-11-01 20:55:31 - root - INFO - Listagem de livros concluída com sucesso (2 registros).
2025-11-01 20:55:42 - root - INFO - Listagem de autores concluída com sucesso (1 registros).
2025-11-01 20:55:51 - root - INFO - Listagem de livros concluída com sucesso (2 registros).
2025-11-01 21:11:50 - root - INFO - Listagem de livros concluída com sucesso (2 registros).
2025-11-01 21:11:56 - root - INFO - Listagem de autores concluída com sucesso (1 registros).
2025-11-01 21:13:28 - root - INFO - Listagem de livros concluída com sucesso (2 registros).
2025-11-01 21:13:34 - root - INFO - Listagem de autores concluída com sucesso (1 registros).
2025-11-01 21:13:38 - root - INFO - Livro '1234' (1134) cadastrado com sucesso.
2025-11-01 21:13:38 - root - INFO - Listagem de livros concluída com sucesso (3 registros).
2025-11-01 21:13:39 - root - INFO - Listagem de livros concluída com sucesso (3 registros).
2025-11-01 21:15:11 - root - INFO - Listagem de livros concluída com sucesso (3 registros).
2025-11-01 21:15:14 - root - INFO - Listagem de autores concluída com sucesso (1 registros).
2025-11-01 21:16:38 - root - INFO - Listagem de autores concluída com sucesso (1 registros).
2025-11-01 21:18:00 - root - INFO - Listagem de livros concluída com sucesso (3 registros).
2025-11-01 21:18:02 - root - INFO - Listagem de autores concluída com sucesso (1 registros).
2025-11-01 21:20:06 - root - INFO - Listagem de livros concluída com sucesso (3 registros).
2025-11-01 21:20:09 - root - INFO - Listagem de autores concluída com sucesso (1 registros).
2025-11-01 21:20:13 - root - INFO - Listagem de autores concluída com sucesso (1 registros).
2025-11-01 21:22:35 - root - INFO - Listagem de autores concluída com sucesso (1 registros).
2025-11-01 21:22:43 - root - INFO - Listagem de livros concluída com sucesso (3 registros).
2025-11-01 21:26:25 - root - INFO - Listagem de livros concluída com sucesso (3 registros).
2025-11-01 21:26:37 - root - INFO - Listagem de autores concluída com sucesso (1 registros).
2025-11-01 21:26:41 - root - INFO - Livro '1234' (12345) cadastrado com sucesso.
2025-11-01 21:26:41 - root - INFO - Listagem de livros concluída com sucesso (4 registros).
2025-11-01 21:26:46 - root - INFO - Listagem de autores concluída com sucesso (1 registros).
2025-11-01 21:30:17 - root - INFO - Listagem de livros concluída com sucesso (4 registros).
2025-11-01 21:30:20 - root - INFO - Listagem de autores concluída com sucesso (1 registros).
2025-11-01 21:32:37 - root - INFO - Listagem de livros concluída com sucesso (4 registros).
2025-11-01 21:32:39 - root - INFO - Listagem de autores concluída com sucesso (1 registros).
2025-11-01 21:32:43 - root - INFO - Livro '123' (ISBN 123) atualizado com sucesso.
2025-11-01 21:32:43 - root - INFO - Listagem de livros concluída com sucesso (4 registros).
2025-11-01 21:32:54 - root - INFO - Listagem de livros concluída com sucesso (4 registros).
2025-11-01 21:49:25 - root - INFO - Listagem de usuários concluída com sucesso (0 registros).
2025-11-01 21:49:48 - root - INFO - Usuário 'Sergio' (aluno) cadastrado com sucesso.
2025-11-01 21:49:48 - root - INFO - Listagem de usuários concluída com sucesso (1 registros).
2025-11-01 21:50:03 - root - INFO - Listagem de usuários concluída com sucesso (1 registros).
2025-11-01 22:09:56 - root - INFO - Listagem de livros concluída com sucesso (4 registros).
2025-11-01 23:47:49 - root - INFO - Listagem de autores concluída com sucesso (0 registros).
2025-11-01 23:47:56 - root - INFO - Autor 'Sergio' cadastrado com sucesso (ID 1).
2025-11-01 23:47:56 - root - INFO - Listagem de autores concluída com sucesso (1 registros).
2025-11-01 23:47:59 - root - INFO - Listagem de livros concluída com sucesso (0 registros).
2025-11-01 23:48:01 - root - INFO - Listagem de autores concluída com sucesso (1 registros).
2025-11-01 23:55:06 - root - INFO - Listagem de autores concluída com sucesso (1 registros).
2025-11-01 23:55:08 - root - INFO - Listagem de livros concluída com sucesso (0 registros).
2025-11-01 23:55:22 - root - INFO - Listagem de autores concluída com sucesso (1 registros).
2025-11-01 23:55:25 - root - INFO - Livro 'livro_1' (1234) cadastrado com sucesso.
2025-11-01 23:55:25 - root - INFO - Listagem de livros concluída com sucesso (1 registros).
2025-11-01 23:55:31 - root - INFO - Listagem de livros concluída com sucesso (1 registros).
2025-11-01 23:55:48 - root - INFO - Listagem de livros concluída com sucesso (1 registros).
2025-11-02 00:03:08 - root - INFO - Listagem de autores concluída com sucesso (1 registros).
2025-11-02 00:03:25 - root - INFO - Autor 'nath' cadastrado com sucesso (ID 2).
2025-11-02 00:03:25 - root - INFO - Listagem de autores concluída com sucesso (2 registros).
2025-11-02 00:03:44 - root - INFO - Autor 'nath' (ID 2) excluído com sucesso.
2025-11-02 00:03:44 - root - INFO - Listagem de autores concluída com sucesso (1 registros).
2025-11-02 00:03:47 - root - INFO - Listagem de livros concluída com sucesso (1 registros).
2025-11-02 00:04:21 - root - INFO - Listagem de autores concluída com sucesso (1 registros).
2025-11-02 00:04:26 - root - INFO - Listagem de autores concluída com sucesso (1 registros).
2025-11-02 00:04:37 - root - INFO - Livro 'sergio e nath' (1223) cadastrado com sucesso.
2025-11-02 00:04:37 - root - INFO - Listagem de livros concluída com sucesso (2 registros).
2025-11-02 00:05:04 - root - INFO - Listagem de livros concluída com sucesso (2 registros).
2025-11-02 00:06:24 - root - INFO - Listagem de livros concluída com sucesso (2 registros).
2025-11-02 00:06:35 - root - INFO - Listagem de autores concluída com sucesso (1 registros).
2025-11-02 00:06:38 - root - INFO - Listagem de livros concluída com sucesso (2 registros).
2025-11-02 00:07:05 - root - INFO - Listagem de autores concluída com sucesso (1 registros).
2025-11-02 00:09:20 - root - INFO - Listagem de livros concluída com sucesso (2 registros).
2025-11-02 00:09:29 - root - INFO - Listagem de autores concluída com sucesso (1 registros).
2025-11-02 00:14:13 - root - INFO - Listagem de autores concluída com sucesso (6 registros).
2025-11-02 00:14:16 - root - INFO - Listagem de livros concluída com sucesso (6 registros).
2025-11-02 00:14:28 - root - INFO - Listagem de autores concluída com sucesso (6 registros).
2025-11-02 00:14:31 - root - INFO - Listagem de livros concluída com sucesso (6 registros).
2025-11-02 00:21:04 - root - INFO - Listagem de autores concluída com sucesso (10 registros).
2025-11-02 00:21:07 - root - INFO - Listagem de livros concluída com sucesso (20 registros).
2025-11-02 00:27:20 - root - INFO - Listagem de autores concluída com sucesso (10 registros).
2025-11-02 00:28:23 - root - INFO - Listagem de autores concluída com sucesso (10 registros).
2025-11-02 00:28:25 - root - INFO - Listagem de livros concluída com sucesso (20 registros).
2025-11-02 00:28:44 - root - INFO - Listagem de autores concluída com sucesso (10 registros).
2025-11-02 00:28:46 - root - INFO - Listagem de livros concluída com sucesso (20 registros).
2025-11-02 00:49:46 - root - INFO - Listagem de autores concluída com sucesso (10 registros).
2025-11-02 00:51:00 - root - INFO - Listagem de autores concluída com sucesso (10 registros).
2025-11-02 00:51:03 - root - INFO - Listagem de livros concluída com sucesso (20 registros).
